<?xml version="1.0" encoding="UTF-8"?>
<testsuite xmlns:xsi="http://www.w3.org/2001/XMLSchema-instance" xsi:noNamespaceSchemaLocation="https://maven.apache.org/surefire/maven-surefire-plugin/xsd/surefire-test-report.xsd" version="3.0.2" name="com.klein.LogixSwiftManagementApplicationTests" time="4.542" tests="1" errors="0" skipped="0" failures="0">
  <properties>
[...]
</properties>
  <testcase name="contextLoads" classname="com.klein.LogixSwiftManagementApplicationTests" time="1.139">
    <system-out><![CDATA[11:36:08.238 [main] INFO org.springframework.test.context.support.AnnotationConfigContextLoaderUtils -- Could not detect default configuration classes for test class [com.klein.LogixSwiftManagementApplicationTests]: LogixSwiftManagementApplicationTests does not declare any static, non-private, non-final, nested classes annotated with @Configuration.
11:36:08.432 [main] INFO org.springframework.boot.test.context.SpringBootTestContextBootstrapper -- Found @SpringBootConfiguration com.klein.LogixSwiftManagementApplication for test class com.klein.LogixSwiftManagementApplicationTests

  .   ____          _            __ _ _
 /\\ / ___'_ __ _ _(_)_ __  __ _ \ \ \ \
( ( )\___ | '_ | '_| | '_ \/ _` | \ \ \ \
 \\/  ___)| |_)| | | | | || (_| |  ) ) ) )
  '  |____| .__|_| |_|_| |_\__, | / / / /
 =========|_|==============|___/=/_/_/_/

 :: Spring Boot ::                (v3.4.5)

2025-05-17T11:36:09.164+08:00  INFO 25232 --- [           main] c.k.LogixSwiftManagementApplicationTests : Starting LogixSwiftManagementApplicationTests using Java 21.0.5 with PID 25232 (started by 10036 in F:\javacode\ExpressSystem-web\LogixSwift-management)
2025-05-17T11:36:09.167+08:00  INFO 25232 --- [           main] c.k.LogixSwiftManagementApplicationTests : No active profile set, falling back to 1 default profile: "default"
Logging initialized using 'class org.apache.ibatis.logging.stdout.StdOutImpl' adapter.
2025-05-17T11:36:11.368+08:00  INFO 25232 --- [           main] c.k.LogixSwiftManagementApplicationTests : Started LogixSwiftManagementApplicationTests in 2.682 seconds (process running for 4.722)
]]></system-out>
    <system-err><![CDATA[Mockito is currently self-attaching to enable the inline-mock-maker. This will no longer work in future releases of the JDK. Please add Mockito as an agent to your build what is described in Mockito's documentation: https://javadoc.io/doc/org.mockito/mockito-core/latest/org/mockito/Mockito.html#0.3
WARNING: A Java agent has been loaded dynamically (F:\software\Maven\reposition\net\bytebuddy\byte-buddy-agent\1.15.11\byte-buddy-agent-1.15.11.jar)
WARNING: If a serviceability tool is in use, please run with -XX:+EnableDynamicAgentLoading to hide this warning
WARNING: If a serviceability tool is not in use, please run with -Djdk.instrument.traceUsage for more information
WARNING: Dynamic loading of agents will be disallowed by default in a future release
]]></system-err>
  </testcase>
</testsuite>